explain plan for SELECT /*+ use_merge(e i) */ nom, prenom
from etudiant e, inscritDans i
where anneeInscription = '2015' and e.numINE = i.numINE;
select plan_table_output from table (dbms_xplan.display()) ;

/*
PLAN_TABLE_OUTPUT
------------------------------------------------------------------------------------------------------------------------------------------------------------------------------------------------------------------------------------------------------------------------------------------------------------
Plan hash value: 3416540749

---------------------------------------------------------------------------------------------
| Id  | Operation		     | Name	    | Rows  | Bytes | Cost (%CPU)| Time     |
---------------------------------------------------------------------------------------------
|   0 | SELECT STATEMENT	     |		    |	  6 |	288 |	  6  (17)| 00:00:01 |
|   1 |  MERGE JOIN		     |		    |	  6 |	288 |	  6  (17)| 00:00:01 |
|*  2 |   TABLE ACCESS BY INDEX ROWID| INSCRITDANS  |	  6 |	120 |	  2   (0)| 00:00:01 |
|   3 |    INDEX FULL SCAN	     | ETUDIANT_IDX |	  6 |	    |	  1   (0)| 00:00:01 |
|*  4 |   SORT JOIN		     |		    |	  6 |	168 |	  4  (25)| 00:00:01 |
|   5 |    TABLE ACCESS FULL	     | ETUDIANT     |	  6 |	168 |	  3   (0)| 00:00:01 |

PLAN_TABLE_OUTPUT
------------------------------------------------------------------------------------------------------------------------------------------------------------------------------------------------------------------------------------------------------------------------------------------------------------
---------------------------------------------------------------------------------------------

Predicate Information (identified by operation id):
---------------------------------------------------

   2 - filter("ANNEEINSCRIPTION"=2015)
   4 - access("E"."NUMINE"="I"."NUMINE")
       filter("E"."NUMINE"="I"."NUMINE")

Note
-----

PLAN_TABLE_OUTPUT
------------------------------------------------------------------------------------------------------------------------------------------------------------------------------------------------------------------------------------------------------------------------------------------------------------
   - dynamic sampling used for this statement (level=2)

23 rows selected.
*/

explain plan for SELECT nom, prenom
from etudiant e, inscritDans i
where anneeInscription = '2015' and e.numINE = i.numINE;
select plan_table_output from table (dbms_xplan.display()) ;

/*
PLAN_TABLE_OUTPUT
------------------------------------------------------------------------------------------------------------------------------------------------------------------------------------------------------------------------------------------------------------------------------------------------------------
Plan hash value: 639486956

----------------------------------------------------------------------------------------
| Id  | Operation	      | Name	       | Rows  | Bytes | Cost (%CPU)| Time     |
----------------------------------------------------------------------------------------
|   0 | SELECT STATEMENT      | 	       |     6 |   288 |     6	(17)| 00:00:01 |
|*  1 |  HASH JOIN	      | 	       |     6 |   288 |     6	(17)| 00:00:01 |
|   2 |   TABLE ACCESS FULL   | ETUDIANT       |     6 |   168 |     3	 (0)| 00:00:01 |
|*  3 |   INDEX FAST FULL SCAN| INSCRITDANS_PK |     6 |   120 |     2	 (0)| 00:00:01 |
----------------------------------------------------------------------------------------


PLAN_TABLE_OUTPUT
------------------------------------------------------------------------------------------------------------------------------------------------------------------------------------------------------------------------------------------------------------------------------------------------------------
Predicate Information (identified by operation id):
---------------------------------------------------

   1 - access("E"."NUMINE"="I"."NUMINE")
   3 - filter("ANNEEINSCRIPTION"=2015)

Note
-----
   - dynamic sampling used for this statement (level=2)

20 rows selected.
*/
